2025-04-03 15:54:19,460 - INFO - Successfully read the YAML file
2025-04-03 15:55:55,417 - INFO - Successfully read the YAML file
2025-04-03 15:56:18,749 - INFO - Successfully read the YAML file
2025-04-03 15:56:41,297 - INFO - Successfully read the YAML file
2025-04-03 16:15:52,015 - INFO - Successfully read the YAML file
2025-04-03 16:17:19,291 - INFO - Successfully read the YAML file
2025-04-03 16:17:19,292 - INFO - data Ingestio started with hotel-reservation-unique-bucket and file is HotelReservations.csv
2025-04-03 16:17:19,292 - INFO - Starting data ingestion process
2025-04-03 16:17:19,301 - ERROR - Error while downloading the csv file
2025-04-03 16:17:19,301 - INFO - data ingestion completed
2025-04-03 16:22:57,347 - INFO - Successfully read the YAML file
2025-04-03 16:22:57,347 - INFO - data Ingestio started with hotel-reservation-unique-bucket and file is HotelReservations.csv
2025-04-03 16:22:57,347 - INFO - Starting data ingestion process
2025-04-03 16:22:59,683 - ERROR - Error while downloading the csv file
2025-04-03 16:22:59,683 - INFO - data ingestion completed
2025-04-03 17:06:46,064 - INFO - Successfully read the YAML file
2025-04-03 17:06:46,064 - INFO - data Ingestio started with hotel-reservation-unique-bucket and file is HotelReservations.csv
2025-04-03 17:06:46,064 - INFO - Starting data ingestion process
2025-04-03 17:06:48,319 - ERROR - Error while downloading the csv file
2025-04-03 17:06:48,319 - INFO - data ingestion completed
2025-04-03 17:28:48,054 - INFO - Successfully read the YAML file
2025-04-03 17:28:48,054 - INFO - data Ingestio started with hotel-reservation-unique-bucket and file is HotelReservations.csv
2025-04-03 17:28:48,054 - INFO - Starting data ingestion process
2025-04-03 17:28:50,305 - ERROR - Error while downloading the csv file
2025-04-03 17:28:50,305 - ERROR - Custom Exception : Error inE:\projects\mlops1_hotel\src\data_ingestion.py, line26 : Failed to download csv file
2025-04-03 17:28:50,305 - INFO - data ingestion completed
2025-04-03 18:08:24,551 - INFO - Starting main program
2025-04-03 18:08:24,551 - ERROR - Error occured
2025-04-03 18:08:24,551 - ERROR - Error inE:\projects\mlops1_hotel\test.py, line9 : Custom Error zero
2025-04-03 18:18:18,220 - INFO - Successfully read the YAML file
2025-04-03 18:18:18,220 - INFO - data Ingestio started with hotel-reservation-unique-bucket and file is HotelReservations.csv
2025-04-03 18:18:18,221 - INFO - Starting data ingestion process
2025-04-03 18:18:20,468 - ERROR - Error while downloading the csv file
2025-04-03 18:18:20,469 - ERROR - Custom Exception : Error inE:\projects\mlops1_hotel\src\data_ingestion.py, line27 : Failed to download csv file
2025-04-03 18:18:20,469 - INFO - data ingestion completed
2025-04-03 18:21:56,711 - INFO - Successfully read the YAML file
2025-04-03 18:21:56,711 - INFO - data Ingestio started with hotel-reservation-unique-bucket and file is HotelReservations.csv
2025-04-03 18:21:56,712 - INFO - Starting data ingestion process
2025-04-03 18:21:58,962 - ERROR - Error while downloading the csv file
2025-04-03 18:21:58,962 - ERROR - Custom Exception : Error inE:\projects\mlops1_hotel\src\data_ingestion.py, line27 : Failed to download csv file
2025-04-03 18:21:58,962 - INFO - data ingestion completed
