2025-04-06 08:22:23,983 - INFO - Successfully read the YAML file
2025-04-06 08:22:23,983 - INFO - Loading data from RAW directory
2025-04-06 08:22:23,983 - INFO - Loading data from the given path
2025-04-06 08:22:24,038 - INFO - Loading data from the given path
2025-04-06 08:22:24,055 - ERROR - Error in data processing pipeline: DataProcessor.preprocess_data() takes 1 positional argument but 2 were given
2025-04-06 08:25:34,176 - INFO - Successfully read the YAML file
2025-04-06 08:25:34,176 - INFO - Loading data from RAW directory
2025-04-06 08:25:34,176 - INFO - Loading data from the given path
2025-04-06 08:25:34,217 - INFO - Loading data from the given path
2025-04-06 08:25:34,226 - INFO - Starting data processing step
2025-04-06 08:25:34,226 - INFO - Dropping unnecessary columns
2025-04-06 08:25:34,230 - ERROR - Error in data processing: "['Booking_Id'] not found in axis"
2025-04-06 08:25:34,230 - ERROR - Error in data processing pipeline: Error in/workspaces/mlops1_hotel/mlops1_hotel/src/data_preprocessing.py, line30 : Data processing failed
2025-04-06 08:28:39,244 - INFO - Successfully read the YAML file
2025-04-06 08:28:39,244 - INFO - Loading data from RAW directory
2025-04-06 08:28:39,244 - INFO - Loading data from the given path
2025-04-06 08:28:39,285 - INFO - Loading data from the given path
2025-04-06 08:28:39,295 - INFO - Starting data processing step
2025-04-06 08:28:39,295 - INFO - Dropping unnecessary columns
2025-04-06 08:28:39,295 - ERROR - Error in data processing: "['Booking_Id'] not found in axis"
2025-04-06 08:28:39,296 - ERROR - Error in data processing pipeline: Error in/workspaces/mlops1_hotel/mlops1_hotel/src/data_preprocessing.py, line30 : Data processing failed
2025-04-06 08:34:11,643 - INFO - Successfully read the YAML file
2025-04-06 08:34:11,643 - INFO - Loading data from RAW directory
2025-04-06 08:34:11,643 - INFO - Loading data from the given path
2025-04-06 08:34:11,696 - INFO - Loading data from the given path
2025-04-06 08:34:11,706 - INFO - Starting data processing step
2025-04-06 08:34:11,706 - INFO - Dropping unnecessary columns
2025-04-06 08:34:11,708 - ERROR - Error in data processing: "['Booking_Id'] not found in axis"
2025-04-06 08:34:11,708 - ERROR - Error in data processing pipeline: Error in/workspaces/mlops1_hotel/mlops1_hotel/src/data_preprocessing.py, line30 : Data processing failed
2025-04-06 08:36:34,490 - INFO - Successfully read the YAML file
2025-04-06 08:36:34,491 - INFO - Data ingestion started with hotel-reservation-unique-bucket and file is HotelReservations.csv
2025-04-06 08:36:34,491 - INFO - Starting data ingestion process
2025-04-06 08:36:34,504 - INFO - Found credentials in shared credentials file: ~/.aws/credentials
2025-04-06 08:36:36,849 - INFO - CSV file is successfully downloaded to artifacts/raw/raw.csv
2025-04-06 08:36:36,850 - INFO - Starting the splitting process
2025-04-06 08:36:37,074 - INFO - Train data saved to artifacts/raw/train.csv
2025-04-06 08:36:37,074 - INFO - Test data saved to artifacts/raw/test.csv
2025-04-06 08:36:37,076 - INFO - Data ingestion completed successfully
2025-04-06 08:36:37,076 - INFO - Data ingestion completed
2025-04-06 08:36:51,574 - INFO - Successfully read the YAML file
2025-04-06 08:36:51,574 - INFO - Loading data from RAW directory
2025-04-06 08:36:51,574 - INFO - Loading data from the given path
2025-04-06 08:36:51,622 - INFO - Loading data from the given path
2025-04-06 08:36:51,632 - INFO - Starting data processing step
2025-04-06 08:36:51,632 - INFO - Dropping unnecessary columns
2025-04-06 08:36:51,632 - ERROR - Error in data processing: "['Booking_Id'] not found in axis"
2025-04-06 08:36:51,632 - ERROR - Error in data processing pipeline: Error in/workspaces/mlops1_hotel/mlops1_hotel/src/data_preprocessing.py, line30 : Data processing failed
2025-04-06 08:39:42,903 - INFO - Successfully read the YAML file
2025-04-06 08:39:42,904 - INFO - Loading data from RAW directory
2025-04-06 08:39:42,904 - INFO - Loading data from the given path
2025-04-06 08:39:42,944 - INFO - Loading data from the given path
2025-04-06 08:39:42,952 - INFO - Starting data processing step
2025-04-06 08:39:42,953 - INFO - Dropping unnecessary columns
2025-04-06 08:39:42,968 - ERROR - Error in data processing: 'categorical_cols'
2025-04-06 08:39:42,968 - ERROR - Error in data processing pipeline: Error in/workspaces/mlops1_hotel/mlops1_hotel/src/data_preprocessing.py, line33 : Data processing failed
2025-04-06 08:42:05,006 - INFO - Successfully read the YAML file
2025-04-06 08:42:05,006 - INFO - Loading data from RAW directory
2025-04-06 08:42:05,006 - INFO - Loading data from the given path
2025-04-06 08:42:05,048 - INFO - Loading data from the given path
2025-04-06 08:42:05,057 - INFO - Starting data processing step
2025-04-06 08:42:05,057 - INFO - Dropping unnecessary columns
2025-04-06 08:42:05,072 - ERROR - Error in data processing: 'categorical_cols'
2025-04-06 08:42:05,072 - ERROR - Error in data processing pipeline: Error in/workspaces/mlops1_hotel/mlops1_hotel/src/data_preprocessing.py, line33 : Data processing failed
2025-04-06 08:43:20,578 - INFO - Successfully read the YAML file
2025-04-06 08:43:20,578 - INFO - Loaded configuration: {'data_ingestion': {'bucket_name': 'hotel-reservation-unique-bucket', 'bucket_file_name': 'HotelReservations.csv', 'train_ratio': 0.8}, 'data_processing': {'categorical_columns': ['type_of_meal_plan', 'required_car_parking_space', 'room_type_reserved', 'market_segment_type', 'repeated_guest', 'booking_status'], 'numerical_columns': ['no_of_adults', 'no_of_children', 'no_of_weekend_nights', 'no_of_week_nights', 'lead_time', 'arrival_year', 'arrival_month', 'arrival_date', 'no_of_previous_cancellations', 'no_of_previous_bookings_not_canceled', 'avg_price_per_room', 'no_of_special_requests'], 'skewness_threshold': 5, 'no_of_features': 10}}
2025-04-06 08:43:20,578 - INFO - Loading data from RAW directory
2025-04-06 08:43:20,578 - INFO - Loading data from the given path
2025-04-06 08:43:20,620 - INFO - Loading data from the given path
2025-04-06 08:43:20,630 - INFO - Starting data processing step
2025-04-06 08:43:20,630 - INFO - Dropping unnecessary columns
2025-04-06 08:43:20,644 - ERROR - Error in data processing: 'categorical_cols'
2025-04-06 08:43:20,644 - ERROR - Error in data processing pipeline: Error in/workspaces/mlops1_hotel/mlops1_hotel/src/data_preprocessing.py, line34 : Data processing failed
2025-04-06 08:47:06,004 - INFO - Successfully read the YAML file
2025-04-06 08:47:06,004 - INFO - Loaded configuration: {'data_ingestion': {'bucket_name': 'hotel-reservation-unique-bucket', 'bucket_file_name': 'HotelReservations.csv', 'train_ratio': 0.8}, 'data_processing': {'categorical_columns': ['type_of_meal_plan', 'required_car_parking_space', 'room_type_reserved', 'market_segment_type', 'repeated_guest', 'booking_status'], 'numerical_columns': ['no_of_adults', 'no_of_children', 'no_of_weekend_nights', 'no_of_week_nights', 'lead_time', 'arrival_year', 'arrival_month', 'arrival_date', 'no_of_previous_cancellations', 'no_of_previous_bookings_not_canceled', 'avg_price_per_room', 'no_of_special_requests'], 'skewness_threshold': 5, 'no_of_features': 10}}
2025-04-06 08:47:06,004 - INFO - Loading data from RAW directory
2025-04-06 08:47:06,004 - INFO - Loading data from the given path
2025-04-06 08:47:06,061 - INFO - Loading data from the given path
2025-04-06 08:47:06,075 - INFO - Starting data processing step
2025-04-06 08:47:06,075 - INFO - Dropping unnecessary columns
2025-04-06 08:47:06,097 - ERROR - Error in data processing: 'categorical_cols'
2025-04-06 08:47:06,097 - ERROR - Error in data processing pipeline: Error in/workspaces/mlops1_hotel/mlops1_hotel/src/data_preprocessing.py, line34 : Data processing failed
2025-04-06 08:52:18,240 - INFO - Successfully read the YAML file
2025-04-06 08:52:18,240 - INFO - Loaded configuration: {'data_ingestion': {'bucket_name': 'hotel-reservation-unique-bucket', 'bucket_file_name': 'HotelReservations.csv', 'train_ratio': 0.8}, 'data_processing': {'categorical_columns': ['type_of_meal_plan', 'required_car_parking_space', 'room_type_reserved', 'market_segment_type', 'repeated_guest', 'booking_status'], 'numerical_columns': ['no_of_adults', 'no_of_children', 'no_of_weekend_nights', 'no_of_week_nights', 'lead_time', 'arrival_year', 'arrival_month', 'arrival_date', 'no_of_previous_cancellations', 'no_of_previous_bookings_not_canceled', 'avg_price_per_room', 'no_of_special_requests'], 'skewness_threshold': 5, 'no_of_features': 10}}
2025-04-06 08:52:18,241 - INFO - Loading data from RAW directory
2025-04-06 08:52:18,241 - INFO - Loading data from the given path
2025-04-06 08:52:18,321 - INFO - Loading data from the given path
2025-04-06 08:52:18,335 - INFO - Starting data processing step
2025-04-06 08:52:18,336 - INFO - Dropping unnecessary columns
2025-04-06 08:52:18,356 - ERROR - Error in data processing: 'categorical_cols'
2025-04-06 08:52:18,357 - ERROR - Error in data processing pipeline: Error in/workspaces/mlops1_hotel/mlops1_hotel/src/data_preprocessing.py, line34 : Data processing failed
2025-04-06 08:57:31,903 - INFO - Successfully read the YAML file
2025-04-06 08:57:31,903 - INFO - Loaded configuration: {'data_ingestion': {'bucket_name': 'hotel-reservation-unique-bucket', 'bucket_file_name': 'HotelReservations.csv', 'train_ratio': 0.8}, 'data_processing': {'categorical_columns': ['type_of_meal_plan', 'required_car_parking_space', 'room_type_reserved', 'market_segment_type', 'repeated_guest', 'booking_status'], 'numerical_columns': ['no_of_adults', 'no_of_children', 'no_of_weekend_nights', 'no_of_week_nights', 'lead_time', 'arrival_year', 'arrival_month', 'arrival_date', 'no_of_previous_cancellations', 'no_of_previous_bookings_not_canceled', 'avg_price_per_room', 'no_of_special_requests'], 'skewness_threshold': 5, 'no_of_features': 10}}
2025-04-06 08:57:31,903 - INFO - Loading data from RAW directory
2025-04-06 08:57:31,903 - INFO - Loading data from the given path
2025-04-06 08:57:31,951 - INFO - Loading data from the given path
2025-04-06 08:57:31,964 - INFO - Starting data processing step
2025-04-06 08:57:31,964 - INFO - Dropping unnecessary columns
2025-04-06 08:57:31,988 - ERROR - Error in data processing: 'categorical_cols'
2025-04-06 08:57:31,988 - ERROR - Error in data processing pipeline: Error in/workspaces/mlops1_hotel/mlops1_hotel/src/data_preprocessing.py, line34 : Data processing failed
2025-04-06 08:59:52,474 - INFO - Successfully read the YAML file
2025-04-06 08:59:52,475 - INFO - Loaded configuration: {'data_ingestion': {'bucket_name': 'hotel-reservation-unique-bucket', 'bucket_file_name': 'HotelReservations.csv', 'train_ratio': 0.8}, 'data_processing': {'categorical_columns': ['type_of_meal_plan', 'required_car_parking_space', 'room_type_reserved', 'market_segment_type', 'repeated_guest', 'booking_status'], 'numerical_columns': ['no_of_adults', 'no_of_children', 'no_of_weekend_nights', 'no_of_week_nights', 'lead_time', 'arrival_year', 'arrival_month', 'arrival_date', 'no_of_previous_cancellations', 'no_of_previous_bookings_not_canceled', 'avg_price_per_room', 'no_of_special_requests'], 'skewness_threshold': 5, 'no_of_features': 10}}
2025-04-06 08:59:52,475 - INFO - Loading data from RAW directory
2025-04-06 08:59:52,475 - INFO - Loading data from the given path
2025-04-06 08:59:52,522 - INFO - Loading data from the given path
2025-04-06 08:59:52,532 - INFO - Starting data processing step
2025-04-06 08:59:52,532 - INFO - Dropping unnecessary columns
2025-04-06 08:59:52,546 - INFO - DOne dropping unnecessary columns
2025-04-06 08:59:52,546 - ERROR - Error in data processing: 'categorical_cols'
2025-04-06 08:59:52,546 - ERROR - Error in data processing pipeline: Error in/workspaces/mlops1_hotel/mlops1_hotel/src/data_preprocessing.py, line36 : Data processing failed
2025-04-06 09:03:09,319 - INFO - Successfully read the YAML file
2025-04-06 09:03:09,319 - INFO - Loaded configuration: {'data_ingestion': {'bucket_name': 'hotel-reservation-unique-bucket', 'bucket_file_name': 'HotelReservations.csv', 'train_ratio': 0.8}, 'data_processing': {'categorical_columns': ['type_of_meal_plan', 'required_car_parking_space', 'room_type_reserved', 'market_segment_type', 'repeated_guest', 'booking_status'], 'numerical_columns': ['no_of_adults', 'no_of_children', 'no_of_weekend_nights', 'no_of_week_nights', 'lead_time', 'arrival_year', 'arrival_month', 'arrival_date', 'no_of_previous_cancellations', 'no_of_previous_bookings_not_canceled', 'avg_price_per_room', 'no_of_special_requests'], 'skewness_threshold': 5, 'no_of_features': 10}}
2025-04-06 09:03:09,319 - INFO - Loading data from RAW directory
2025-04-06 09:03:09,319 - INFO - Loading data from the given path
2025-04-06 09:03:09,360 - INFO - Loading data from the given path
2025-04-06 09:03:09,369 - INFO - Starting data processing step
2025-04-06 09:03:09,369 - INFO - Dropping unnecessary columns
2025-04-06 09:03:09,383 - INFO - DOne dropping unnecessary columns
2025-04-06 09:03:09,383 - INFO - Applying Label Encoding to categorical columns
2025-04-06 09:03:09,383 - WARNING - Column type_of_meal_plan not found in DataFrame
2025-04-06 09:03:09,383 - WARNING - Column required_car_parking_space not found in DataFrame
2025-04-06 09:03:09,383 - WARNING - Column room_type_reserved not found in DataFrame
2025-04-06 09:03:09,383 - WARNING - Column market_segment_type not found in DataFrame
2025-04-06 09:03:09,383 - WARNING - Column repeated_guest not found in DataFrame
2025-04-06 09:03:09,383 - WARNING - Column booking_status not found in DataFrame
2025-04-06 09:03:09,383 - INFO - Label Mappings are:
2025-04-06 09:03:09,383 - INFO - Doing skewness handling
2025-04-06 09:03:09,388 - INFO - Starting data processing step
2025-04-06 09:03:09,388 - INFO - Dropping unnecessary columns
2025-04-06 09:03:09,392 - INFO - DOne dropping unnecessary columns
2025-04-06 09:03:09,392 - INFO - Applying Label Encoding to categorical columns
2025-04-06 09:03:09,392 - WARNING - Column type_of_meal_plan not found in DataFrame
2025-04-06 09:03:09,392 - WARNING - Column required_car_parking_space not found in DataFrame
2025-04-06 09:03:09,392 - WARNING - Column room_type_reserved not found in DataFrame
2025-04-06 09:03:09,392 - WARNING - Column market_segment_type not found in DataFrame
2025-04-06 09:03:09,392 - WARNING - Column repeated_guest not found in DataFrame
2025-04-06 09:03:09,392 - WARNING - Column booking_status not found in DataFrame
2025-04-06 09:03:09,392 - INFO - Label Mappings are:
2025-04-06 09:03:09,393 - INFO - Doing skewness handling
2025-04-06 09:03:09,395 - INFO - Balancing data using SMOTE
2025-04-06 09:03:09,395 - ERROR - Error in balancing data: "['booking status'] not found in axis"
2025-04-06 09:03:09,395 - ERROR - Error in data processing pipeline: Error in/workspaces/mlops1_hotel/mlops1_hotel/src/data_preprocessing.py, line72 : Data balancing failed
